2022-11-21 12:14:12,114 : INFO : test_title : techcarrot - Digital, Information Technology, Business Solutions
2022-11-21 12:22:30,685 : INFO : test_title : techcarrot - Digital, Information Technology, Business Solutions
2022-11-21 12:29:16,501 : INFO : test_title : techcarrot - Digital, Information Technology, Business Solutions
2022-11-21 12:35:31,236 : INFO : test_title : techcarrot - Digital, Information Technology, Business Solutions
2022-11-21 12:36:55,669 : INFO : test_title : techcarrot - Digital, Information Technology, Business Solutions
2022-11-21 12:47:27,980 : INFO : test_title : techcarrot - Digital, Information Technology, Business Solutions
2022-11-21 13:00:05,666 : INFO : test_title : techcarrot - Digital, Information Technology, Business Solutions
2022-11-21 13:01:57,799 : INFO : test_title : techcarrot - Digital, Information Technology, Business Solutions
2022-11-21 13:04:03,012 : INFO : test_title : techcarrot - Digital, Information Technology, Business Solutions
2022-11-21 15:22:22,782 : INFO : test_title : techcarrot - Digital, Information Technology, Business Solutions
2022-11-22 09:16:26,111 : INFO : test_title : techcarrot - Digital, Information Technology, Business Solutions
2022-11-22 09:19:49,244 : INFO : test_title : techcarrot - Digital, Information Technology, Business Solutions
2022-11-22 09:29:37,080 : INFO : test_title : techcarrot - Digital, Information Technology, Business Solutions
2022-11-22 09:30:49,330 : INFO : test_title : techcarrot - Digital, Information Technology, Business Solutions
2022-11-22 09:32:13,921 : INFO : test_title : techcarrot - Digital, Information Technology, Business Solutions
2022-11-22 10:06:28,496 : INFO : test_title : techcarrot - Digital, Information Technology, Business Solutions
2022-11-22 10:09:24,963 : INFO : test_title : techcarrot - Digital, Information Technology, Business Solutions
2022-11-22 10:26:22,526 : INFO : test_title : techcarrot - Digital, Information Technology, Business Solutions
2022-11-22 10:27:19,313 : INFO : test_title : techcarrot - Digital, Information Technology, Business Solutions
2022-11-22 10:49:53,837 : INFO : test_title : techcarrot - Digital, Information Technology, Business Solutions
2022-11-22 12:46:47,752 : INFO : test_title : techcarrot - Digital, Information Technology, Business Solutions
2022-11-22 12:47:46,225 : INFO : test_title : techcarrot - Digital, Information Technology, Business Solutions
2022-11-22 12:48:16,563 : INFO : test_title : techcarrot - Digital, Information Technology, Business Solutions
2022-11-22 12:48:47,701 : INFO : test_title : techcarrot - Digital, Information Technology, Business Solutions
2022-11-22 12:50:02,972 : INFO : test_title : techcarrot - Digital, Information Technology, Business Solutions
2022-11-22 13:03:01,256 : INFO : test_title : techcarrot - Digital, Information Technology, Business Solutions
2022-11-22 13:03:30,213 : INFO : test_title : techcarrot - Digital, Information Technology, Business Solutions
2022-11-22 16:48:17,956 : INFO : test_title : techcarrot - Digital, Information Technology, Business Solutions
2022-11-22 16:49:14,980 : INFO : test_title : techcarrot - Digital, Information Technology, Business Solutions
2022-11-22 16:52:58,571 : INFO : test_title : techcarrot - Digital, Information Technology, Business Solutions
2022-11-23 08:30:52,025 : INFO : test_title : techcarrot - Digital, Information Technology, Business Solutions
2022-11-23 08:32:27,051 : INFO : test_title : techcarrot - Digital, Information Technology, Business Solutions
2022-11-23 09:07:04,584 : INFO : test_title : techcarrot - Digital, Information Technology, Business Solutions
2022-11-23 09:07:32,282 : INFO : test_homePage : DigiTrendz HCL DX - techcarrot
2022-11-23 09:29:17,364 : INFO : test_title : techcarrot - Digital, Information Technology, Business Solutions
2022-11-23 09:29:51,813 : INFO : test_homePage : DigiTrendz HCL DX - techcarrot
2022-11-23 09:46:34,500 : INFO : test_title : techcarrot - Digital, Information Technology, Business Solutions
2022-11-23 09:46:59,608 : INFO : test_homePage : DigiTrendz HCL DX - techcarrot
2022-11-23 09:49:45,796 : INFO : test_title : techcarrot - Digital, Information Technology, Business Solutions
2022-11-23 09:50:11,257 : INFO : test_homePage : DigiTrendz HCL DX - techcarrot
2022-11-23 09:58:42,927 : INFO : test_title : techcarrot - Digital, Information Technology, Business Solutions
2022-11-23 09:59:08,044 : INFO : test_homePage : DigiTrendz HCL DX - techcarrot
2022-11-23 10:05:22,445 : INFO : test_title : techcarrot - Digital, Information Technology, Business Solutions
2022-11-23 10:05:47,762 : INFO : test_homePage : DigiTrendz HCL DX - techcarrot
2022-11-23 10:11:11,495 : INFO : test_title : techcarrot - Digital, Information Technology, Business Solutions
2022-11-23 10:11:37,490 : INFO : test_homePage : DigiTrendz HCL DX - techcarrot
2022-11-23 10:15:21,348 : INFO : test_title : techcarrot - Digital, Information Technology, Business Solutions
2022-11-23 10:15:46,867 : INFO : test_homePage : DigiTrendz HCL DX - techcarrot
2022-11-23 10:16:41,103 : INFO : test_title : techcarrot - Digital, Information Technology, Business Solutions
2022-11-23 10:17:06,674 : INFO : test_homePage : DigiTrendz HCL DX - techcarrot
2022-11-23 10:55:03,778 : INFO : test_title : techcarrot - Digital, Information Technology, Business Solutions
2022-11-23 10:55:31,329 : INFO : test_homePage : DigiTrendz HCL DX - techcarrot
2022-11-23 11:13:51,811 : INFO : test_title : techcarrot - Digital, Information Technology, Business Solutions
2022-11-23 11:14:18,080 : INFO : test_homePage : DigiTrendz HCL DX - techcarrot
2022-11-23 11:29:53,692 : INFO : test_title : techcarrot - Digital, Information Technology, Business Solutions
2022-11-23 11:30:27,755 : INFO : test_homePage : DigiTrendz HCL DX - techcarrot
2022-11-23 11:38:30,610 : INFO : test_title : techcarrot - Digital, Information Technology, Business Solutions
2022-11-23 11:38:55,706 : INFO : test_homePage : DigiTrendz HCL DX - techcarrot
2022-11-23 11:51:09,177 : INFO : test_title : techcarrot - Digital, Information Technology, Business Solutions
2022-11-23 11:51:35,568 : INFO : test_homePage : DigiTrendz HCL DX - techcarrot
2022-11-23 11:52:42,978 : INFO : test_title : techcarrot - Digital, Information Technology, Business Solutions
2022-11-23 11:53:10,686 : INFO : test_homePage : DigiTrendz HCL DX - techcarrot
2022-11-23 12:03:14,495 : INFO : test_title : techcarrot - Digital, Information Technology, Business Solutions
2022-11-23 12:03:40,850 : INFO : test_homePage : DigiTrendz HCL DX - techcarrot
2022-11-23 12:04:20,312 : INFO : test_title : techcarrot - Digital, Information Technology, Business Solutions
2022-11-23 12:04:50,882 : INFO : test_homePage : DigiTrendz HCL DX - techcarrot
2022-11-23 12:14:13,322 : INFO : test_title : techcarrot - Digital, Information Technology, Business Solutions
2022-11-23 12:14:38,664 : INFO : test_homePage : DigiTrendz HCL DX - techcarrot
2022-11-23 12:18:19,741 : INFO : test_title : techcarrot - Digital, Information Technology, Business Solutions
2022-11-23 12:18:48,058 : INFO : test_homePage : DigiTrendz HCL DX - techcarrot
2022-11-23 12:19:27,057 : INFO : test_title : techcarrot - Digital, Information Technology, Business Solutions
2022-11-23 12:20:11,935 : INFO : test_homePage : DigiTrendz HCL DX - techcarrot
2022-11-23 12:26:03,027 : INFO : test_title : techcarrot - Digital, Information Technology, Business Solutions
2022-11-23 12:26:28,661 : INFO : test_homePage : DigiTrendz HCL DX - techcarrot
2022-11-23 12:27:30,390 : INFO : test_title : techcarrot - Digital, Information Technology, Business Solutions
2022-11-23 12:28:20,950 : INFO : test_homePage : DigiTrendz HCL DX - techcarrot
2022-11-23 12:33:47,839 : INFO : test_title : techcarrot - Digital, Information Technology, Business Solutions
2022-11-23 12:34:14,175 : INFO : test_homePage : DigiTrendz HCL DX - techcarrot
2022-11-23 12:34:53,309 : INFO : test_title : techcarrot - Digital, Information Technology, Business Solutions
2022-11-23 12:46:44,030 : INFO : test_title : techcarrot - Digital, Information Technology, Business Solutions
2022-11-23 12:48:15,038 : INFO : test_homePage : DigiTrendz HCL DX - techcarrot
2022-11-23 14:50:39,735 : INFO : test_title : techcarrot - Digital, Information Technology, Business Solutions
2022-11-23 14:51:09,593 : INFO : test_homePage : DigiTrendz HCL DX - techcarrot
2022-11-23 14:54:09,887 : INFO : test_title : techcarrot - Digital, Information Technology, Business Solutions
2022-11-23 14:54:40,149 : INFO : test_homePage : DigiTrendz HCL DX - techcarrot
2022-11-23 15:24:15,539 : INFO : test_title : techcarrot - Digital, Information Technology, Business Solutions
2022-11-23 15:24:40,867 : INFO : test_homePage : DigiTrendz HCL DX - techcarrot
2022-11-24 10:16:42,941 : INFO : test_title : techcarrot - Digital, Information Technology, Business Solutions
2022-11-24 10:17:07,280 : INFO : test_homePage : DigiTrendz HCL DX - techcarrot
2022-11-24 10:27:54,162 : INFO : test_title : techcarrot - Digital, Information Technology, Business Solutions
2022-11-24 10:28:20,115 : INFO : test_homePage : DigiTrendz HCL DX - techcarrot
2022-11-24 10:56:41,530 : INFO : test_title : techcarrot - Digital, Information Technology, Business Solutions
2022-11-24 10:57:07,709 : INFO : test_homePage : DigiTrendz HCL DX - techcarrot
2022-11-24 11:00:35,104 : INFO : test_title : techcarrot - Digital, Information Technology, Business Solutions
2022-11-24 11:01:00,254 : INFO : test_homePage : DigiTrendz HCL DX - techcarrot
2022-11-24 11:26:29,499 : INFO : test_title : techcarrot - Digital, Information Technology, Business Solutions
2022-11-24 11:26:55,092 : INFO : test_homePage : DigiTrendz HCL DX - techcarrot
2022-11-24 11:30:44,612 : INFO : test_title : techcarrot - Digital, Information Technology, Business Solutions
2022-11-24 11:31:08,866 : INFO : test_homePage : DigiTrendz HCL DX - techcarrot
2022-11-24 12:44:50,695 : INFO : test_title : techcarrot - Digital, Information Technology, Business Solutions
2022-11-24 12:45:17,093 : INFO : test_homePage : DigiTrendz HCL DX - techcarrot
2022-11-24 12:45:47,045 : INFO : test_title : techcarrot - Digital, Information Technology, Business Solutions
2022-11-24 12:46:14,251 : INFO : test_homePage : DigiTrendz HCL DX - techcarrot
2022-11-24 12:50:22,712 : INFO : test_title : techcarrot - Digital, Information Technology, Business Solutions
2022-11-24 12:50:48,858 : INFO : test_homePage : DigiTrendz HCL DX - techcarrot
2022-11-24 12:57:07,272 : INFO : test_title : techcarrot - Digital, Information Technology, Business Solutions
2022-11-24 12:57:33,066 : INFO : test_homePage : DigiTrendz HCL DX - techcarrot
2022-11-24 12:59:36,613 : INFO : test_title : techcarrot - Digital, Information Technology, Business Solutions
2022-11-24 13:00:11,991 : INFO : test_homePage : DigiTrendz HCL DX - techcarrot
2022-11-24 13:03:22,407 : INFO : test_title : techcarrot - Digital, Information Technology, Business Solutions
2022-11-24 13:03:48,676 : INFO : test_homePage : DigiTrendz HCL DX - techcarrot
2022-11-24 13:07:05,631 : INFO : test_title : techcarrot - Digital, Information Technology, Business Solutions
2022-11-24 13:07:30,096 : INFO : test_homePage : DigiTrendz HCL DX - techcarrot
2022-11-24 13:09:37,821 : INFO : test_title : techcarrot - Digital, Information Technology, Business Solutions
2022-11-24 13:10:03,177 : INFO : test_homePage : DigiTrendz HCL DX - techcarrot
2022-11-24 13:13:20,613 : INFO : test_title : techcarrot - Digital, Information Technology, Business Solutions
2022-11-24 13:13:46,585 : INFO : test_homePage : DigiTrendz HCL DX - techcarrot
2022-11-24 13:18:21,101 : INFO : test_title : techcarrot - Digital, Information Technology, Business Solutions
2022-11-24 13:18:48,114 : INFO : test_homePage : DigiTrendz HCL DX - techcarrot
2022-11-24 14:29:01,181 : INFO : test_title : techcarrot - Digital, Information Technology, Business Solutions
2022-11-24 14:29:35,310 : INFO : test_homePage : DigiTrendz HCL DX - techcarrot
2022-11-24 14:35:23,677 : INFO : test_title : techcarrot - Digital, Information Technology, Business Solutions
2022-11-24 14:35:48,189 : INFO : test_homePage : DigiTrendz HCL DX - techcarrot
2022-11-24 14:39:51,165 : INFO : test_title : techcarrot - Digital, Information Technology, Business Solutions
2022-11-24 14:40:18,924 : INFO : test_homePage : DigiTrendz HCL DX - techcarrot
2022-11-24 14:41:24,442 : INFO : test_title : techcarrot - Digital, Information Technology, Business Solutions
2022-11-24 14:41:49,488 : INFO : test_homePage : DigiTrendz HCL DX - techcarrot
2022-11-24 14:44:37,320 : INFO : test_title : techcarrot - Digital, Information Technology, Business Solutions
2022-11-24 14:45:03,917 : INFO : test_homePage : DigiTrendz HCL DX - techcarrot
2022-11-24 14:46:15,299 : INFO : test_title : techcarrot - Digital, Information Technology, Business Solutions
2022-11-24 14:46:39,633 : INFO : test_homePage : DigiTrendz HCL DX - techcarrot
2022-11-24 14:48:01,641 : INFO : test_title : techcarrot - Digital, Information Technology, Business Solutions
2022-11-24 14:48:26,310 : INFO : test_homePage : DigiTrendz HCL DX - techcarrot
2022-11-24 14:50:05,444 : INFO : test_title : techcarrot - Digital, Information Technology, Business Solutions
2022-11-24 14:50:29,323 : INFO : test_homePage : DigiTrendz HCL DX - techcarrot
2022-11-24 14:53:16,673 : INFO : test_title : techcarrot - Digital, Information Technology, Business Solutions
2022-11-24 14:53:41,219 : INFO : test_homePage : DigiTrendz HCL DX - techcarrot
2022-11-24 14:57:41,501 : INFO : test_title : techcarrot - Digital, Information Technology, Business Solutions
2022-11-24 14:58:06,001 : INFO : test_homePage : DigiTrendz HCL DX - techcarrot
2022-11-24 15:00:03,477 : INFO : test_title : techcarrot - Digital, Information Technology, Business Solutions
2022-11-24 15:00:28,392 : INFO : test_homePage : DigiTrendz HCL DX - techcarrot
2022-11-24 15:05:35,123 : INFO : test_title : techcarrot - Digital, Information Technology, Business Solutions
2022-11-24 15:06:01,148 : INFO : test_homePage : DigiTrendz HCL DX - techcarrot
2022-11-24 15:07:45,832 : INFO : test_title : techcarrot - Digital, Information Technology, Business Solutions
2022-11-24 15:08:10,609 : INFO : test_homePage : DigiTrendz HCL DX - techcarrot
2022-11-24 15:12:58,085 : INFO : test_title : techcarrot - Digital, Information Technology, Business Solutions
2022-11-24 15:13:24,072 : INFO : test_homePage : DigiTrendz HCL DX - techcarrot
2022-11-24 15:16:43,911 : INFO : test_title : techcarrot - Digital, Information Technology, Business Solutions
2022-11-24 15:17:12,114 : INFO : test_homePage : DigiTrendz HCL DX - techcarrot
2022-11-24 15:22:17,705 : INFO : test_title : techcarrot - Digital, Information Technology, Business Solutions
2022-11-24 15:22:44,430 : INFO : test_homePage : DigiTrendz HCL DX - techcarrot
2022-11-24 15:26:57,947 : INFO : test_title : techcarrot - Digital, Information Technology, Business Solutions
2022-11-24 15:27:23,243 : INFO : test_homePage : DigiTrendz HCL DX - techcarrot
2022-11-24 15:29:08,242 : INFO : test_title : techcarrot - Digital, Information Technology, Business Solutions
2022-11-24 15:29:34,002 : INFO : test_homePage : DigiTrendz HCL DX - techcarrot
2022-11-24 15:31:13,244 : INFO : test_title : techcarrot - Digital, Information Technology, Business Solutions
2022-11-24 15:31:40,007 : INFO : test_homePage : DigiTrendz HCL DX - techcarrot
2022-11-24 15:33:36,510 : INFO : test_title : techcarrot - Digital, Information Technology, Business Solutions
2022-11-24 15:34:01,051 : INFO : test_homePage : DigiTrendz HCL DX - techcarrot
2022-11-24 15:36:27,231 : INFO : test_title : techcarrot - Digital, Information Technology, Business Solutions
2022-11-24 15:36:53,293 : INFO : test_homePage : DigiTrendz HCL DX - techcarrot
2022-11-24 15:56:52,018 : INFO : test_title : techcarrot - Digital, Information Technology, Business Solutions
2022-11-24 15:57:16,908 : INFO : test_homePage : DigiTrendz HCL DX - techcarrot
2022-11-24 16:02:28,603 : INFO : test_title : techcarrot - Digital, Information Technology, Business Solutions
2022-11-24 16:03:03,246 : INFO : test_homePage : DigiTrendz HCL DX - techcarrot
2022-11-24 16:17:09,645 : INFO : test_title : techcarrot - Digital, Information Technology, Business Solutions
2022-11-24 16:17:43,327 : INFO : test_homePage : DigiTrendz HCL DX - techcarrot
2022-11-24 16:24:09,964 : INFO : test_title : techcarrot - Digital, Information Technology, Business Solutions
2022-11-24 16:24:40,954 : INFO : test_homePage : DigiTrendz HCL DX - techcarrot
2022-11-24 16:25:46,194 : INFO : test_title : techcarrot - Digital, Information Technology, Business Solutions
2022-11-24 16:26:11,586 : INFO : test_homePage : DigiTrendz HCL DX - techcarrot
2022-11-24 16:38:37,443 : INFO : test_title : techcarrot - Digital, Information Technology, Business Solutions
2022-11-24 16:39:02,742 : INFO : test_homePage : DigiTrendz HCL DX - techcarrot
2022-11-24 16:42:51,320 : INFO : test_title : techcarrot - Digital, Information Technology, Business Solutions
2022-11-24 16:43:17,141 : INFO : test_homePage : DigiTrendz HCL DX - techcarrot
2022-11-24 16:47:21,969 : INFO : test_title : techcarrot - Digital, Information Technology, Business Solutions
2022-11-24 16:47:46,661 : INFO : test_homePage : DigiTrendz HCL DX - techcarrot
2022-11-24 17:03:05,711 : INFO : test_title : techcarrot - Digital, Information Technology, Business Solutions
2022-11-24 17:03:30,351 : INFO : test_homePage : DigiTrendz HCL DX - techcarrot
2022-11-25 09:20:11,032 : INFO : test_title : techcarrot - Digital, Information Technology, Business Solutions
2022-11-25 09:20:36,088 : INFO : test_homePage : DigiTrendz HCL DX - techcarrot
2022-11-25 09:32:08,816 : INFO : test_title : techcarrot - Digital, Information Technology, Business Solutions
2022-11-25 09:32:32,862 : INFO : test_homePage : DigiTrendz HCL DX - techcarrot
2022-11-25 09:38:31,226 : INFO : test_title : techcarrot - Digital, Information Technology, Business Solutions
2022-11-25 09:38:57,419 : INFO : test_homePage : DigiTrendz HCL DX - techcarrot
2022-11-25 09:46:38,245 : INFO : test_title : techcarrot - Digital, Information Technology, Business Solutions
2022-11-25 09:47:05,298 : INFO : test_homePage : DigiTrendz HCL DX - techcarrot
2022-11-25 09:56:34,391 : INFO : test_title : techcarrot - Digital, Information Technology, Business Solutions
2022-11-25 09:57:04,153 : INFO : test_homePage : DigiTrendz HCL DX - techcarrot
2022-11-25 10:06:20,968 : INFO : test_title : techcarrot - Digital, Information Technology, Business Solutions
2022-11-25 10:06:51,404 : INFO : test_homePage : DigiTrendz HCL DX - techcarrot
2022-11-25 10:40:49,027 : INFO : test_title : techcarrot - Digital, Information Technology, Business Solutions
2022-11-25 10:41:15,049 : INFO : test_homePage : DigiTrendz HCL DX - techcarrot
2022-11-25 10:47:19,902 : INFO : test_title : techcarrot - Digital, Information Technology, Business Solutions
2022-11-25 10:47:44,754 : INFO : test_homePage : DigiTrendz HCL DX - techcarrot
2022-11-25 11:12:09,059 : INFO : test_title : techcarrot - Digital, Information Technology, Business Solutions
2022-11-25 11:12:34,399 : INFO : test_homePage : DigiTrendz HCL DX - techcarrot
2022-11-25 11:23:13,404 : INFO : test_title : techcarrot - Digital, Information Technology, Business Solutions
2022-11-25 11:23:40,632 : INFO : test_homePage : DigiTrendz HCL DX - techcarrot
2022-11-25 11:27:34,607 : INFO : test_title : techcarrot - Digital, Information Technology, Business Solutions
2022-11-25 11:28:00,305 : INFO : test_homePage : DigiTrendz HCL DX - techcarrot
2022-11-25 11:35:07,015 : INFO : test_title : techcarrot - Digital, Information Technology, Business Solutions
2022-11-25 11:35:33,855 : INFO : test_homePage : DigiTrendz HCL DX - techcarrot
2022-11-25 11:42:20,079 : INFO : test_title : techcarrot - Digital, Information Technology, Business Solutions
2022-11-25 11:42:47,087 : INFO : test_homePage : DigiTrendz HCL DX - techcarrot
2022-11-25 11:48:04,493 : INFO : test_title : techcarrot - Digital, Information Technology, Business Solutions
2022-11-25 11:48:28,725 : INFO : test_homePage : DigiTrendz HCL DX - techcarrot
2022-11-25 11:52:39,350 : INFO : test_title : techcarrot - Digital, Information Technology, Business Solutions
2022-11-25 11:53:03,724 : INFO : test_homePage : DigiTrendz HCL DX - techcarrot
2022-11-25 11:58:28,067 : INFO : test_title : techcarrot - Digital, Information Technology, Business Solutions
2022-11-25 11:58:52,899 : INFO : test_homePage : DigiTrendz HCL DX - techcarrot
2022-11-25 12:03:51,696 : INFO : test_title : techcarrot - Digital, Information Technology, Business Solutions
2022-11-25 12:04:17,597 : INFO : test_homePage : DigiTrendz HCL DX - techcarrot
2022-11-25 12:10:47,499 : INFO : test_title : techcarrot - Digital, Information Technology, Business Solutions
2022-11-25 12:13:15,582 : INFO : test_title : techcarrot - Digital, Information Technology, Business Solutions
2022-11-25 12:17:59,251 : INFO : test_title : techcarrot - Digital, Information Technology, Business Solutions
2022-11-25 12:19:55,301 : INFO : test_title : techcarrot - Digital, Information Technology, Business Solutions
2022-11-25 12:24:15,850 : INFO : test_title : techcarrot - Digital, Information Technology, Business Solutions
2022-11-25 12:26:28,302 : INFO : test_title : techcarrot - Digital, Information Technology, Business Solutions
2022-11-25 12:28:56,252 : INFO : test_title : techcarrot - Digital, Information Technology, Business Solutions
2022-11-25 12:33:39,448 : INFO : test_title : techcarrot - Digital, Information Technology, Business Solutions
2022-11-25 12:35:54,860 : INFO : test_title : techcarrot - Digital, Information Technology, Business Solutions
2022-11-25 12:37:43,408 : INFO : test_title : techcarrot - Digital, Information Technology, Business Solutions
2022-11-25 12:39:06,823 : INFO : test_title : techcarrot - Digital, Information Technology, Business Solutions
2022-11-25 12:41:43,847 : INFO : test_title : techcarrot - Digital, Information Technology, Business Solutions
2022-11-25 14:10:10,699 : INFO : test_title : techcarrot - Digital, Information Technology, Business Solutions
2022-11-25 14:13:16,989 : INFO : test_title : techcarrot - Digital, Information Technology, Business Solutions
2022-11-25 14:14:27,778 : INFO : test_title : techcarrot - Digital, Information Technology, Business Solutions
2022-11-25 14:16:06,999 : INFO : test_title : techcarrot - Digital, Information Technology, Business Solutions
2022-11-25 14:17:08,562 : INFO : test_title : techcarrot - Digital, Information Technology, Business Solutions
2022-11-25 14:22:36,631 : INFO : test_title : techcarrot - Digital, Information Technology, Business Solutions
2022-11-25 14:24:31,841 : INFO : test_title : techcarrot - Digital, Information Technology, Business Solutions
2022-11-25 14:25:45,480 : INFO : test_title : techcarrot - Digital, Information Technology, Business Solutions
2022-11-25 14:26:46,411 : INFO : test_title : techcarrot - Digital, Information Technology, Business Solutions
2022-11-25 14:27:44,840 : INFO : test_title : techcarrot - Digital, Information Technology, Business Solutions
2022-11-25 14:28:54,268 : INFO : test_title : techcarrot - Digital, Information Technology, Business Solutions
2022-11-25 14:32:51,883 : INFO : test_title : techcarrot - Digital, Information Technology, Business Solutions
2022-11-25 14:38:36,202 : INFO : test_title : techcarrot - Digital, Information Technology, Business Solutions
2022-11-25 14:41:39,761 : INFO : test_title : techcarrot - Digital, Information Technology, Business Solutions
2022-11-25 14:44:11,863 : INFO : test_title : techcarrot - Digital, Information Technology, Business Solutions
2022-11-25 14:46:05,024 : INFO : test_title : techcarrot - Digital, Information Technology, Business Solutions
2022-11-25 15:10:31,352 : INFO : test_title : techcarrot - Digital, Information Technology, Business Solutions
2022-11-25 15:23:26,308 : INFO : test_title : techcarrot - Digital, Information Technology, Business Solutions
2022-11-25 15:26:56,649 : INFO : test_title : techcarrot - Digital, Information Technology, Business Solutions
2022-11-25 15:39:50,872 : INFO : test_title : techcarrot - Digital, Information Technology, Business Solutions
2022-11-25 15:40:26,420 : INFO : test_enterpriseapplications : Enterprise Application Service in Dubai | Techcarrot
2022-11-25 15:41:11,820 : INFO : test_title : techcarrot - Digital, Information Technology, Business Solutions
2022-11-25 15:41:47,937 : INFO : test_enterpriseapplications : Enterprise Application Service in Dubai | Techcarrot
2022-11-25 15:43:29,464 : INFO : test_title : techcarrot - Digital, Information Technology, Business Solutions
2022-11-25 15:44:06,164 : INFO : test_enterpriseapplications : Enterprise Application Service in Dubai | Techcarrot
2022-11-25 15:44:33,872 : INFO : test_title : techcarrot - Digital, Information Technology, Business Solutions
2022-11-25 15:45:09,543 : INFO : test_enterpriseapplications : Enterprise Application Service in Dubai | Techcarrot
2022-11-25 15:48:17,480 : INFO : test_title : techcarrot - Digital, Information Technology, Business Solutions
2022-11-25 15:48:52,746 : INFO : test_enterpriseapplications : Enterprise Application Service in Dubai | Techcarrot
2022-11-25 15:57:13,280 : INFO : test_title : techcarrot - Digital, Information Technology, Business Solutions
2022-11-25 15:57:50,969 : INFO : test_enterpriseapplications : Enterprise Application Service in Dubai | Techcarrot
2022-11-25 16:30:38,872 : INFO : test_title : techcarrot - Digital, Information Technology, Business Solutions
2022-11-25 16:32:51,630 : INFO : test_title : techcarrot - Digital, Information Technology, Business Solutions
2022-11-25 16:35:30,219 : INFO : test_title : techcarrot - Digital, Information Technology, Business Solutions
2022-11-25 16:36:45,314 : INFO : test_title : techcarrot - Digital, Information Technology, Business Solutions
2022-11-25 16:40:19,170 : INFO : test_title : techcarrot - Digital, Information Technology, Business Solutions
2022-11-25 16:43:21,318 : INFO : test_title : techcarrot - Digital, Information Technology, Business Solutions
2022-11-25 16:44:03,591 : INFO : test_locationmap : Clients - techcarrot
2022-11-25 16:44:54,688 : INFO : test_title : techcarrot - Digital, Information Technology, Business Solutions
2022-11-25 16:45:36,918 : INFO : test_locationmap : Clients - techcarrot
2022-11-25 16:46:39,880 : INFO : test_title : techcarrot - Digital, Information Technology, Business Solutions
2022-11-25 16:47:21,983 : INFO : test_locationmap : Clients - techcarrot
2022-11-28 08:47:50,393 : INFO : test_title : techcarrot - Digital, Information Technology, Business Solutions
2022-11-28 08:48:27,314 : INFO : test_title : techcarrot - Digital, Information Technology, Business Solutions
2022-11-28 08:49:09,840 : INFO : test_locationmap : Clients - techcarrot
2022-11-28 09:28:42,525 : INFO : test_title : techcarrot - Digital, Information Technology, Business Solutions
2022-11-28 09:29:18,419 : INFO : test_enterpriseapplications : Enterprise Application Service in Dubai | Techcarrot
2022-11-28 09:50:39,565 : INFO : test_title : techcarrot - Digital, Information Technology, Business Solutions
2022-11-28 09:51:15,045 : INFO : test_enterpriseapplications : Enterprise Application Service in Dubai | Techcarrot
2022-11-28 09:51:19,712 : INFO : test_cloudservicePage : Cloud Service Providers in UAE | Cloud Computing Service In Dubai
2022-11-28 09:52:26,045 : INFO : test_title : techcarrot - Digital, Information Technology, Business Solutions
2022-11-28 09:53:03,709 : INFO : test_enterpriseapplications : Enterprise Application Service in Dubai | Techcarrot
2022-11-28 09:53:08,380 : INFO : test_cloudservicePage : Cloud Service Providers in UAE | Cloud Computing Service In Dubai
2022-11-28 10:04:07,389 : INFO : test_title : techcarrot - Digital, Information Technology, Business Solutions
2022-11-28 10:04:42,887 : INFO : test_enterpriseapplications : Enterprise Application Service in Dubai | Techcarrot
2022-11-28 10:04:47,264 : INFO : test_cloudservicePage : Cloud Service Providers in UAE | Cloud Computing Service In Dubai
2022-11-28 10:06:12,353 : INFO : test_title : techcarrot - Digital, Information Technology, Business Solutions
2022-11-28 10:06:48,046 : INFO : test_enterpriseapplications : Enterprise Application Service in Dubai | Techcarrot
2022-11-28 10:06:52,229 : INFO : test_cloudservicePage : Cloud Service Providers in UAE | Cloud Computing Service In Dubai
2022-11-28 10:26:22,559 : INFO : test_title : techcarrot - Digital, Information Technology, Business Solutions
2022-11-28 10:26:58,539 : INFO : test_enterpriseapplications : Enterprise Application Service in Dubai | Techcarrot
2022-11-28 10:27:02,702 : INFO : test_cloudservicePage : Cloud Service Providers in UAE | Cloud Computing Service In Dubai
2022-11-28 10:32:43,782 : INFO : test_title : techcarrot - Digital, Information Technology, Business Solutions
2022-11-28 10:33:23,723 : INFO : test_enterpriseapplications : Enterprise Application Service in Dubai | Techcarrot
2022-11-28 10:33:31,863 : INFO : test_cloudservicePage : Cloud Service Providers in UAE | Cloud Computing Service In Dubai
2022-11-28 10:39:45,188 : INFO : test_title : techcarrot - Digital, Information Technology, Business Solutions
2022-11-28 10:40:22,106 : INFO : test_enterpriseapplications : Enterprise Application Service in Dubai | Techcarrot
2022-11-28 10:40:26,350 : INFO : test_cloudservicePage : Cloud Service Providers in UAE | Cloud Computing Service In Dubai
2022-11-28 10:47:54,423 : INFO : test_title : techcarrot - Digital, Information Technology, Business Solutions
2022-11-28 10:48:30,201 : INFO : test_enterpriseapplications : Enterprise Application Service in Dubai | Techcarrot
2022-11-28 10:48:34,509 : INFO : test_cloudservicePage : Cloud Service Providers in UAE | Cloud Computing Service In Dubai
2022-11-28 10:52:46,652 : INFO : test_title : techcarrot - Digital, Information Technology, Business Solutions
2022-11-28 10:53:29,841 : INFO : test_enterpriseapplications : Enterprise Application Service in Dubai | Techcarrot
2022-11-28 10:53:35,123 : INFO : test_cloudservicePage : Cloud Service Providers in UAE | Cloud Computing Service In Dubai
2022-11-28 11:13:57,505 : INFO : test_title : techcarrot - Digital, Information Technology, Business Solutions
2022-11-28 11:14:33,233 : INFO : test_enterpriseapplications : Enterprise Application Service in Dubai | Techcarrot
2022-11-28 11:14:37,400 : INFO : test_cloudservicePage : Cloud Service Providers in UAE | Cloud Computing Service In Dubai
2022-11-28 11:14:47,432 : INFO : test_cloudservicePage : Careers - techcarrot
2022-11-28 11:14:47,432 : INFO : test_cloudservicePage : Careers - techcarrot
2022-11-28 11:15:41,535 : INFO : test_title : techcarrot - Digital, Information Technology, Business Solutions
2022-11-28 11:16:21,115 : INFO : test_enterpriseapplications : Enterprise Application Service in Dubai | Techcarrot
2022-11-28 11:16:25,805 : INFO : test_cloudservicePage : Cloud Service Providers in UAE | Cloud Computing Service In Dubai
2022-11-28 11:16:35,937 : INFO : test_cloudservicePage : Careers - techcarrot
2022-11-28 11:16:35,937 : INFO : test_cloudservicePage : Careers - techcarrot
2022-11-28 11:18:16,697 : INFO : test_title : techcarrot - Digital, Information Technology, Business Solutions
2022-11-28 11:18:52,358 : INFO : test_enterpriseapplications : Enterprise Application Service in Dubai | Techcarrot
2022-11-28 11:18:56,669 : INFO : test_cloudservicePage : Cloud Service Providers in UAE | Cloud Computing Service In Dubai
2022-11-28 11:19:06,684 : INFO : test_cloudservicePage : Careers - techcarrot
2022-11-28 11:19:06,684 : INFO : test_cloudservicePage : Careers - techcarrot
2022-11-28 11:20:14,770 : INFO : test_title : techcarrot - Digital, Information Technology, Business Solutions
2022-11-28 11:20:52,269 : INFO : test_enterpriseapplications : Enterprise Application Service in Dubai | Techcarrot
2022-11-28 11:20:56,660 : INFO : test_cloudservicePage : Cloud Service Providers in UAE | Cloud Computing Service In Dubai
2022-11-28 11:21:06,024 : INFO : test_cloudservicePage : Careers - techcarrot
2022-11-28 11:21:06,024 : INFO : test_cloudservicePage : Careers - techcarrot
2022-11-28 11:23:08,540 : INFO : test_title : techcarrot - Digital, Information Technology, Business Solutions
2022-11-28 11:23:44,017 : INFO : test_enterpriseapplications : Enterprise Application Service in Dubai | Techcarrot
2022-11-28 11:23:48,675 : INFO : test_cloudservicePage : Cloud Service Providers in UAE | Cloud Computing Service In Dubai
2022-11-28 11:23:58,610 : INFO : test_cloudservicePage : Careers - techcarrot
2022-11-28 11:23:58,610 : INFO : test_cloudservicePage : Careers - techcarrot
2022-11-28 11:26:04,549 : INFO : test_title : techcarrot - Digital, Information Technology, Business Solutions
2022-11-28 11:26:40,417 : INFO : test_enterpriseapplications : Enterprise Application Service in Dubai | Techcarrot
2022-11-28 11:26:44,869 : INFO : test_cloudservicePage : Cloud Service Providers in UAE | Cloud Computing Service In Dubai
2022-11-28 11:26:54,879 : INFO : test_cloudservicePage : Careers - techcarrot
2022-11-28 11:26:54,879 : INFO : test_cloudservicePage : Careers - techcarrot
2022-11-28 11:58:17,874 : INFO : test_title : techcarrot - Digital, Information Technology, Business Solutions
2022-11-28 11:58:55,814 : INFO : test_enterpriseapplications : Enterprise Application Service in Dubai | Techcarrot
2022-11-28 11:59:00,137 : INFO : test_cloudservicePage : Cloud Service Providers in UAE | Cloud Computing Service In Dubai
2022-11-28 11:59:10,233 : INFO : test_cloudservicePage : Careers - techcarrot
2022-11-28 11:59:10,233 : INFO : test_cloudservicePage : Careers - techcarrot
2022-11-28 11:59:52,576 : INFO : test_title : techcarrot - Digital, Information Technology, Business Solutions
2022-11-28 12:00:28,168 : INFO : test_enterpriseapplications : Enterprise Application Service in Dubai | Techcarrot
2022-11-28 12:00:32,710 : INFO : test_cloudservicePage : Cloud Service Providers in UAE | Cloud Computing Service In Dubai
2022-11-28 12:00:43,456 : INFO : test_cloudservicePage : Careers - techcarrot
2022-11-28 12:00:43,456 : INFO : test_cloudservicePage : Careers - techcarrot
2022-11-28 12:04:37,487 : INFO : test_title : techcarrot - Digital, Information Technology, Business Solutions
2022-11-28 12:05:13,126 : INFO : test_enterpriseapplications : Enterprise Application Service in Dubai | Techcarrot
2022-11-28 12:05:17,424 : INFO : test_cloudservicePage : Cloud Service Providers in UAE | Cloud Computing Service In Dubai
2022-11-28 12:05:27,335 : INFO : test_cloudservicePage : Careers - techcarrot
2022-11-28 12:05:27,335 : INFO : test_cloudservicePage : Careers - techcarrot
2022-11-28 12:16:37,643 : INFO : test_title : techcarrot - Digital, Information Technology, Business Solutions
2022-11-28 12:17:14,257 : INFO : test_enterpriseapplications : Enterprise Application Service in Dubai | Techcarrot
2022-11-28 12:17:18,591 : INFO : test_cloudservicePage : Cloud Service Providers in UAE | Cloud Computing Service In Dubai
2022-11-28 12:17:28,559 : INFO : test_cloudservicePage : Careers - techcarrot
2022-11-28 12:17:28,559 : INFO : test_cloudservicePage : Careers - techcarrot
2022-11-28 12:20:57,771 : INFO : test_title : techcarrot - Digital, Information Technology, Business Solutions
2022-11-28 12:21:33,237 : INFO : test_enterpriseapplications : Enterprise Application Service in Dubai | Techcarrot
2022-11-28 12:21:37,518 : INFO : test_cloudservicePage : Cloud Service Providers in UAE | Cloud Computing Service In Dubai
2022-11-28 12:21:47,568 : INFO : test_cloudservicePage : Careers - techcarrot
2022-11-28 12:21:47,568 : INFO : test_cloudservicePage : Careers - techcarrot
2022-11-28 12:22:47,936 : INFO : test_title : techcarrot - Digital, Information Technology, Business Solutions
2022-11-28 12:23:24,312 : INFO : test_enterpriseapplications : Enterprise Application Service in Dubai | Techcarrot
2022-11-28 12:23:28,730 : INFO : test_cloudservicePage : Cloud Service Providers in UAE | Cloud Computing Service In Dubai
2022-11-28 12:23:39,023 : INFO : test_cloudservicePage : Careers - techcarrot
2022-11-28 12:23:39,023 : INFO : test_cloudservicePage : Careers - techcarrot
2022-11-28 12:24:38,013 : INFO : test_title : techcarrot - Digital, Information Technology, Business Solutions
2022-11-28 12:25:15,988 : INFO : test_enterpriseapplications : Enterprise Application Service in Dubai | Techcarrot
2022-11-28 12:25:20,337 : INFO : test_cloudservicePage : Cloud Service Providers in UAE | Cloud Computing Service In Dubai
2022-11-28 12:25:30,474 : INFO : test_cloudservicePage : Careers - techcarrot
2022-11-28 12:25:30,474 : INFO : test_cloudservicePage : Careers - techcarrot
2022-11-28 12:29:56,991 : INFO : test_title : techcarrot - Digital, Information Technology, Business Solutions
2022-11-28 12:30:33,108 : INFO : test_enterpriseapplications : Enterprise Application Service in Dubai | Techcarrot
2022-11-28 12:30:37,617 : INFO : test_cloudservicePage : Cloud Service Providers in UAE | Cloud Computing Service In Dubai
2022-11-28 12:30:47,859 : INFO : test_cloudservicePage : Careers - techcarrot
2022-11-28 12:30:47,859 : INFO : test_cloudservicePage : Careers - techcarrot
2022-11-28 12:46:27,914 : INFO : test_title : techcarrot - Digital, Information Technology, Business Solutions
2022-11-28 12:47:04,461 : INFO : test_enterpriseapplications : Enterprise Application Service in Dubai | Techcarrot
2022-11-28 12:47:08,779 : INFO : test_cloudservicePage : Cloud Service Providers in UAE | Cloud Computing Service In Dubai
2022-11-28 12:47:19,222 : INFO : test_cloudservicePage : Careers - techcarrot
2022-11-28 12:47:19,222 : INFO : test_cloudservicePage : Careers - techcarrot
2022-11-28 12:52:27,997 : INFO : test_title : techcarrot - Digital, Information Technology, Business Solutions
2022-11-28 12:53:04,822 : INFO : test_enterpriseapplications : Enterprise Application Service in Dubai | Techcarrot
2022-11-28 12:53:09,175 : INFO : test_cloudservicePage : Cloud Service Providers in UAE | Cloud Computing Service In Dubai
2022-11-28 12:53:20,459 : INFO : test_cloudservicePage : Careers - techcarrot
2022-11-28 12:53:20,459 : INFO : test_cloudservicePage : Careers - techcarrot
2022-11-28 14:29:36,241 : INFO : test_title : techcarrot - Digital, Information Technology, Business Solutions
2022-11-28 14:30:13,291 : INFO : test_enterpriseapplications : Enterprise Application Service in Dubai | Techcarrot
2022-11-28 14:30:17,673 : INFO : test_cloudservicePage : Cloud Service Providers in UAE | Cloud Computing Service In Dubai
2022-11-28 14:30:27,716 : INFO : test_viewopeningsPage : Careers - techcarrot
2022-11-28 14:34:16,373 : INFO : test_title : techcarrot - Digital, Information Technology, Business Solutions
2022-11-28 14:34:52,456 : INFO : test_enterpriseapplications : Enterprise Application Service in Dubai | Techcarrot
2022-11-28 14:34:56,749 : INFO : test_cloudservicePage : Cloud Service Providers in UAE | Cloud Computing Service In Dubai
2022-11-28 14:35:06,789 : INFO : test_viewopeningsPage : Careers - techcarrot
2022-11-28 14:45:54,116 : INFO : test_title : techcarrot - Digital, Information Technology, Business Solutions
2022-11-28 14:46:30,232 : INFO : test_enterpriseapplications : Enterprise Application Service in Dubai | Techcarrot
2022-11-28 14:46:34,475 : INFO : test_cloudservicePage : Cloud Service Providers in UAE | Cloud Computing Service In Dubai
2022-11-28 14:46:44,484 : INFO : test_viewopeningsPage : Careers - techcarrot
2022-11-28 14:49:16,013 : INFO : test_title : techcarrot - Digital, Information Technology, Business Solutions
2022-11-28 14:49:55,606 : INFO : test_enterpriseapplications : Enterprise Application Service in Dubai | Techcarrot
2022-11-28 14:49:59,821 : INFO : test_cloudservicePage : Cloud Service Providers in UAE | Cloud Computing Service In Dubai
2022-11-28 14:50:09,918 : INFO : test_viewopeningsPage : Careers - techcarrot
2022-11-28 15:05:40,747 : INFO : test_title : techcarrot - Digital, Information Technology, Business Solutions
2022-11-28 15:06:16,575 : INFO : test_enterpriseapplications : Enterprise Application Service in Dubai | Techcarrot
2022-11-28 15:06:21,236 : INFO : test_cloudservicePage : Cloud Service Providers in UAE | Cloud Computing Service In Dubai
2022-11-28 15:06:31,323 : INFO : test_viewopeningsPage : Careers - techcarrot
2022-11-28 15:10:20,465 : INFO : test_title : techcarrot - Digital, Information Technology, Business Solutions
2022-11-28 15:10:57,691 : INFO : test_enterpriseapplications : Enterprise Application Service in Dubai | Techcarrot
2022-11-28 15:11:01,929 : INFO : test_cloudservicePage : Cloud Service Providers in UAE | Cloud Computing Service In Dubai
2022-11-28 15:11:11,919 : INFO : test_viewopeningsPage : Careers - techcarrot
2022-11-28 15:12:56,862 : INFO : test_title : techcarrot - Digital, Information Technology, Business Solutions
2022-11-28 15:13:34,954 : INFO : test_enterpriseapplications : Enterprise Application Service in Dubai | Techcarrot
2022-11-28 15:13:39,329 : INFO : test_cloudservicePage : Cloud Service Providers in UAE | Cloud Computing Service In Dubai
2022-11-28 15:13:49,515 : INFO : test_viewopeningsPage : Careers - techcarrot
2022-11-28 15:15:07,096 : INFO : test_title : techcarrot - Digital, Information Technology, Business Solutions
2022-11-28 15:15:43,928 : INFO : test_enterpriseapplications : Enterprise Application Service in Dubai | Techcarrot
2022-11-28 15:15:49,668 : INFO : test_cloudservicePage : Cloud Service Providers in UAE | Cloud Computing Service In Dubai
2022-11-28 15:16:01,264 : INFO : test_viewopeningsPage : Careers - techcarrot
2022-11-28 15:17:29,354 : INFO : test_title : techcarrot - Digital, Information Technology, Business Solutions
2022-11-28 15:18:06,336 : INFO : test_enterpriseapplications : Enterprise Application Service in Dubai | Techcarrot
2022-11-28 15:18:10,649 : INFO : test_cloudservicePage : Cloud Service Providers in UAE | Cloud Computing Service In Dubai
2022-11-28 15:18:20,675 : INFO : test_viewopeningsPage : Careers - techcarrot
2022-11-28 15:21:18,935 : INFO : test_title : techcarrot - Digital, Information Technology, Business Solutions
2022-11-28 15:21:55,373 : INFO : test_enterpriseapplications : Enterprise Application Service in Dubai | Techcarrot
2022-11-28 15:21:59,730 : INFO : test_cloudservicePage : Cloud Service Providers in UAE | Cloud Computing Service In Dubai
2022-11-28 15:22:10,151 : INFO : test_viewopeningsPage : Careers - techcarrot
2022-11-28 15:44:50,820 : INFO : test_title : techcarrot - Digital, Information Technology, Business Solutions
2022-11-28 15:45:27,723 : INFO : test_enterpriseapplications : Enterprise Application Service in Dubai | Techcarrot
2022-11-28 15:45:32,120 : INFO : test_cloudservicePage : Cloud Service Providers in UAE | Cloud Computing Service In Dubai
2022-11-28 15:45:42,195 : INFO : test_viewopeningsPage : Careers - techcarrot
2022-11-28 15:47:37,140 : INFO : test_title : techcarrot - Digital, Information Technology, Business Solutions
2022-11-28 15:48:12,215 : INFO : test_enterpriseapplications : Enterprise Application Service in Dubai | Techcarrot
2022-11-28 15:48:16,489 : INFO : test_cloudservicePage : Cloud Service Providers in UAE | Cloud Computing Service In Dubai
2022-11-28 15:48:26,486 : INFO : test_viewopeningsPage : Careers - techcarrot
2022-11-28 15:50:24,437 : INFO : test_title : techcarrot - Digital, Information Technology, Business Solutions
2022-11-28 15:50:59,947 : INFO : test_enterpriseapplications : Enterprise Application Service in Dubai | Techcarrot
2022-11-28 15:51:04,147 : INFO : test_cloudservicePage : Cloud Service Providers in UAE | Cloud Computing Service In Dubai
2022-11-28 15:51:14,213 : INFO : test_viewopeningsPage : Careers - techcarrot
2022-11-28 15:53:32,854 : INFO : test_title : techcarrot - Digital, Information Technology, Business Solutions
2022-11-28 15:54:08,870 : INFO : test_enterpriseapplications : Enterprise Application Service in Dubai | Techcarrot
2022-11-28 15:54:13,165 : INFO : test_cloudservicePage : Cloud Service Providers in UAE | Cloud Computing Service In Dubai
2022-11-28 15:54:23,242 : INFO : test_viewopeningsPage : Careers - techcarrot
2022-11-28 15:57:14,163 : INFO : test_title : techcarrot - Digital, Information Technology, Business Solutions
2022-11-28 15:57:49,375 : INFO : test_enterpriseapplications : Enterprise Application Service in Dubai | Techcarrot
2022-11-28 15:57:53,603 : INFO : test_cloudservicePage : Cloud Service Providers in UAE | Cloud Computing Service In Dubai
2022-11-28 15:58:04,384 : INFO : test_viewopeningsPage : Careers - techcarrot
2022-11-28 16:00:47,286 : INFO : test_title : techcarrot - Digital, Information Technology, Business Solutions
2022-11-28 16:01:22,542 : INFO : test_enterpriseapplications : Enterprise Application Service in Dubai | Techcarrot
2022-11-28 16:01:27,166 : INFO : test_cloudservicePage : Cloud Service Providers in UAE | Cloud Computing Service In Dubai
2022-11-28 16:01:37,110 : INFO : test_viewopeningsPage : Careers - techcarrot
2022-11-28 16:12:04,789 : INFO : test_title : techcarrot - Digital, Information Technology, Business Solutions
2022-11-28 16:12:40,093 : INFO : test_enterpriseapplications : Enterprise Application Service in Dubai | Techcarrot
2022-11-28 16:12:45,934 : INFO : test_cloudservicePage : Cloud Service Providers in UAE | Cloud Computing Service In Dubai
2022-11-28 16:12:55,944 : INFO : test_viewopeningsPage : Careers - techcarrot
2022-11-29 08:57:49,434 : INFO : test_title : techcarrot - Digital, Information Technology, Business Solutions
2022-11-29 08:58:25,117 : INFO : test_enterpriseapplications : Enterprise Application Service in Dubai | Techcarrot
2022-11-29 08:58:29,382 : INFO : test_cloudservicePage : Cloud Service Providers in UAE | Cloud Computing Service In Dubai
2022-11-29 08:58:41,434 : INFO : test_viewopeningsPage : Careers - techcarrot
2022-11-29 09:07:17,099 : INFO : test_title : techcarrot - Digital, Information Technology, Business Solutions
2022-11-29 09:07:52,160 : INFO : test_enterpriseapplications : Enterprise Application Service in Dubai | Techcarrot
2022-11-29 09:07:56,408 : INFO : test_cloudservicePage : Cloud Service Providers in UAE | Cloud Computing Service In Dubai
2022-11-29 09:08:06,524 : INFO : test_viewopeningsPage : Careers - techcarrot
2022-11-29 09:09:35,576 : INFO : test_title : techcarrot - Digital, Information Technology, Business Solutions
2022-11-29 09:10:13,026 : INFO : test_enterpriseapplications : Enterprise Application Service in Dubai | Techcarrot
2022-11-29 09:10:17,358 : INFO : test_cloudservicePage : Cloud Service Providers in UAE | Cloud Computing Service In Dubai
2022-11-29 09:10:27,829 : INFO : test_viewopeningsPage : Careers - techcarrot
2022-11-29 09:27:01,077 : INFO : test_title : techcarrot - Digital, Information Technology, Business Solutions
2022-11-29 09:27:37,060 : INFO : test_enterpriseapplications : Enterprise Application Service in Dubai | Techcarrot
2022-11-29 09:27:41,211 : INFO : test_cloudservicePage : Cloud Service Providers in UAE | Cloud Computing Service In Dubai
2022-11-29 09:27:54,042 : INFO : test_viewopeningsPage : Careers - techcarrot
2022-11-29 09:31:35,440 : INFO : test_title : techcarrot - Digital, Information Technology, Business Solutions
2022-11-29 09:32:11,520 : INFO : test_enterpriseapplications : Enterprise Application Service in Dubai | Techcarrot
2022-11-29 09:32:15,922 : INFO : test_cloudservicePage : Cloud Service Providers in UAE | Cloud Computing Service In Dubai
2022-11-29 09:32:26,202 : INFO : test_viewopeningsPage : Careers - techcarrot
2022-11-29 09:34:36,196 : INFO : test_title : techcarrot - Digital, Information Technology, Business Solutions
2022-11-29 09:35:12,728 : INFO : test_enterpriseapplications : Enterprise Application Service in Dubai | Techcarrot
2022-11-29 09:35:18,376 : INFO : test_cloudservicePage : Cloud Service Providers in UAE | Cloud Computing Service In Dubai
2022-11-29 09:35:28,755 : INFO : test_viewopeningsPage : Careers - techcarrot
2022-11-29 09:38:45,481 : INFO : test_title : techcarrot - Digital, Information Technology, Business Solutions
2022-11-29 09:39:23,688 : INFO : test_enterpriseapplications : Enterprise Application Service in Dubai | Techcarrot
2022-11-29 09:39:28,570 : INFO : test_cloudservicePage : Cloud Service Providers in UAE | Cloud Computing Service In Dubai
2022-11-29 09:39:39,649 : INFO : test_viewopeningsPage : Careers - techcarrot
2022-11-29 10:05:25,194 : INFO : test_title : techcarrot - Digital, Information Technology, Business Solutions
2022-11-29 10:06:16,798 : INFO : test_enterpriseapplications : Enterprise Application Service in Dubai | Techcarrot
2022-11-29 10:06:26,052 : INFO : test_cloudservicePage : Cloud Service Providers in UAE | Cloud Computing Service In Dubai
2022-11-29 10:06:41,412 : INFO : test_viewopeningsPage : Careers - techcarrot
2022-11-29 10:12:24,084 : INFO : test_title : techcarrot - Digital, Information Technology, Business Solutions
2022-11-29 10:12:48,755 : INFO : test_cloudservicePage : Cloud Service Providers in UAE | Cloud Computing Service In Dubai
2022-11-29 10:12:58,694 : INFO : test_viewopeningsPage : Careers - techcarrot
2022-11-29 10:15:52,462 : INFO : test_title : techcarrot - Digital, Information Technology, Business Solutions
2022-11-29 10:16:17,571 : INFO : test_cloudservicePage : Cloud Service Providers in UAE | Cloud Computing Service In Dubai
2022-11-29 10:16:28,101 : INFO : test_viewopeningsPage : Careers - techcarrot
2022-11-29 10:18:15,347 : INFO : test_title : techcarrot - Digital, Information Technology, Business Solutions
2022-11-29 10:18:39,877 : INFO : test_cloudservicePage : Cloud Service Providers in UAE | Cloud Computing Service In Dubai
2022-11-29 10:18:49,908 : INFO : test_viewopeningsPage : Careers - techcarrot
2022-11-29 10:20:55,159 : INFO : test_title : techcarrot - Digital, Information Technology, Business Solutions
2022-11-29 10:21:19,751 : INFO : test_cloudservicePage : Cloud Service Providers in UAE | Cloud Computing Service In Dubai
2022-11-29 10:21:29,706 : INFO : test_viewopeningsPage : Careers - techcarrot
2022-11-29 10:23:45,235 : INFO : test_title : techcarrot - Digital, Information Technology, Business Solutions
2022-11-29 10:24:10,262 : INFO : test_cloudservicePage : Cloud Service Providers in UAE | Cloud Computing Service In Dubai
2022-11-29 10:24:20,958 : INFO : test_viewopeningsPage : Careers - techcarrot
2022-11-29 10:33:31,119 : INFO : test_title : techcarrot - Digital, Information Technology, Business Solutions
2022-11-29 10:33:56,016 : INFO : test_cloudservicePage : Cloud Service Providers in UAE | Cloud Computing Service In Dubai
2022-11-29 10:34:06,641 : INFO : test_viewopeningsPage : Careers - techcarrot
2022-11-29 10:39:40,349 : INFO : test_title : techcarrot - Digital, Information Technology, Business Solutions
2022-11-29 10:40:05,069 : INFO : test_cloudservicePage : Cloud Service Providers in UAE | Cloud Computing Service In Dubai
2022-11-29 10:40:14,359 : INFO : test_viewopeningsPage : Careers - techcarrot
2022-11-29 11:46:08,376 : INFO : test_title : techcarrot - Digital, Information Technology, Business Solutions
2022-11-29 11:46:33,064 : INFO : test_cloudservicePage : Cloud Service Providers in UAE | Cloud Computing Service In Dubai
2022-11-29 11:46:42,383 : INFO : test_viewopeningsPage : Careers - techcarrot
2022-11-29 11:52:33,767 : INFO : test_title : techcarrot - Digital, Information Technology, Business Solutions
2022-11-29 11:52:58,611 : INFO : test_cloudservicePage : Cloud Service Providers in UAE | Cloud Computing Service In Dubai
2022-11-29 11:53:08,592 : INFO : test_viewopeningsPage : Careers - techcarrot
2022-11-29 12:06:26,737 : INFO : test_title : techcarrot - Digital, Information Technology, Business Solutions
2022-11-29 12:06:51,307 : INFO : test_cloudservicePage : Cloud Service Providers in UAE | Cloud Computing Service In Dubai
2022-11-29 12:07:01,448 : INFO : test_viewopeningsPage : Careers - techcarrot
2022-11-29 12:11:56,857 : INFO : test_title : techcarrot - Digital, Information Technology, Business Solutions
2022-11-29 12:12:21,531 : INFO : test_cloudservicePage : Cloud Service Providers in UAE | Cloud Computing Service In Dubai
2022-11-29 12:12:31,601 : INFO : test_viewopeningsPage : Careers - techcarrot
2022-11-29 12:16:09,180 : INFO : test_title : techcarrot - Digital, Information Technology, Business Solutions
2022-11-29 12:16:33,765 : INFO : test_cloudservicePage : Cloud Service Providers in UAE | Cloud Computing Service In Dubai
2022-11-29 12:16:43,652 : INFO : test_viewopeningsPage : Careers - techcarrot
2022-11-29 12:29:26,172 : INFO : test_title : techcarrot - Digital, Information Technology, Business Solutions
2022-11-29 12:29:50,690 : INFO : test_cloudservicePage : Cloud Service Providers in UAE | Cloud Computing Service In Dubai
2022-11-29 12:30:00,741 : INFO : test_viewopeningsPage : Careers - techcarrot
2022-11-29 12:32:25,519 : INFO : test_title : techcarrot - Digital, Information Technology, Business Solutions
2022-11-29 12:32:50,791 : INFO : test_cloudservicePage : Cloud Service Providers in UAE | Cloud Computing Service In Dubai
2022-11-29 12:33:01,779 : INFO : test_viewopeningsPage : Careers - techcarrot
2022-11-29 12:36:47,316 : INFO : test_title : techcarrot - Digital, Information Technology, Business Solutions
2022-11-29 12:37:12,394 : INFO : test_cloudservicePage : Cloud Service Providers in UAE | Cloud Computing Service In Dubai
2022-11-29 12:37:22,345 : INFO : test_viewopeningsPage : Careers - techcarrot
2022-11-29 12:42:07,527 : INFO : test_title : techcarrot - Digital, Information Technology, Business Solutions
2022-11-29 12:42:32,078 : INFO : test_cloudservicePage : Cloud Service Providers in UAE | Cloud Computing Service In Dubai
2022-11-29 12:42:42,025 : INFO : test_viewopeningsPage : Careers - techcarrot
2022-11-29 12:44:29,241 : INFO : test_title : techcarrot - Digital, Information Technology, Business Solutions
2022-11-29 12:44:53,887 : INFO : test_cloudservicePage : Cloud Service Providers in UAE | Cloud Computing Service In Dubai
2022-11-29 12:45:03,829 : INFO : test_viewopeningsPage : Careers - techcarrot
2022-11-29 12:46:40,686 : INFO : test_title : techcarrot - Digital, Information Technology, Business Solutions
2022-11-29 12:47:05,680 : INFO : test_cloudservicePage : Cloud Service Providers in UAE | Cloud Computing Service In Dubai
2022-11-29 12:47:15,677 : INFO : test_viewopeningsPage : Careers - techcarrot
2022-11-29 12:49:34,937 : INFO : test_title : techcarrot - Digital, Information Technology, Business Solutions
2022-11-29 12:51:20,665 : INFO : test_title : techcarrot - Digital, Information Technology, Business Solutions
2022-11-29 12:51:47,108 : INFO : test_cloudservicePage : Cloud Service Providers in UAE | Cloud Computing Service In Dubai
2022-11-29 12:51:57,793 : INFO : test_viewopeningsPage : Careers - techcarrot
2022-11-29 12:56:23,753 : INFO : test_title : techcarrot - Digital, Information Technology, Business Solutions
2022-11-29 12:56:53,940 : INFO : test_title : techcarrot - Digital, Information Technology, Business Solutions
2022-11-29 12:57:26,418 : INFO : test_viewopeningsPage : Careers - techcarrot
2022-11-29 12:58:20,140 : INFO : test_title : techcarrot - Digital, Information Technology, Business Solutions
2022-11-29 12:58:46,585 : INFO : test_cloudservicePage : Cloud Service Providers in UAE | Cloud Computing Service In Dubai
2022-11-29 12:58:56,572 : INFO : test_viewopeningsPage : Careers - techcarrot
2022-11-29 14:19:50,741 : INFO : test_title : techcarrot - Digital, Information Technology, Business Solutions
2022-11-29 14:20:15,372 : INFO : test_cloudservicePage : Cloud Service Providers in UAE | Cloud Computing Service In Dubai
2022-11-29 14:20:25,508 : INFO : test_viewopeningsPage : Careers - techcarrot
2022-11-29 14:22:40,545 : INFO : test_title : techcarrot - Digital, Information Technology, Business Solutions
2022-11-29 14:23:05,491 : INFO : test_cloudservicePage : Cloud Service Providers in UAE | Cloud Computing Service In Dubai
2022-11-29 14:23:15,717 : INFO : test_viewopeningsPage : Careers - techcarrot
2022-11-29 14:29:55,429 : INFO : test_title : techcarrot - Digital, Information Technology, Business Solutions
2022-11-29 14:30:22,397 : INFO : test_cloudservicePage : Cloud Service Providers in UAE | Cloud Computing Service In Dubai
2022-11-29 14:30:32,519 : INFO : test_viewopeningsPage : Careers - techcarrot
2022-11-29 14:32:41,753 : INFO : test_title : techcarrot - Digital, Information Technology, Business Solutions
2022-11-29 14:33:06,587 : INFO : test_cloudservicePage : Cloud Service Providers in UAE | Cloud Computing Service In Dubai
2022-11-29 14:33:16,539 : INFO : test_viewopeningsPage : Careers - techcarrot
2022-11-29 14:36:05,864 : INFO : test_title : techcarrot - Digital, Information Technology, Business Solutions
2022-11-29 14:36:30,889 : INFO : test_cloudservicePage : Cloud Service Providers in UAE | Cloud Computing Service In Dubai
2022-11-29 14:36:40,882 : INFO : test_viewopeningsPage : Careers - techcarrot
2022-11-29 14:38:32,283 : INFO : test_title : techcarrot - Digital, Information Technology, Business Solutions
2022-11-29 14:38:57,759 : INFO : test_cloudservicePage : Cloud Service Providers in UAE | Cloud Computing Service In Dubai
2022-11-29 14:39:07,777 : INFO : test_viewopeningsPage : Careers - techcarrot
2022-11-29 14:42:20,228 : INFO : test_title : techcarrot - Digital, Information Technology, Business Solutions
2022-11-29 14:42:45,090 : INFO : test_cloudservicePage : Cloud Service Providers in UAE | Cloud Computing Service In Dubai
2022-11-29 14:42:55,086 : INFO : test_viewopeningsPage : Careers - techcarrot
2022-11-29 14:44:38,396 : INFO : test_title : techcarrot - Digital, Information Technology, Business Solutions
2022-11-29 14:45:01,727 : INFO : test_title : techcarrot - Digital, Information Technology, Business Solutions
2022-11-29 14:45:26,497 : INFO : test_cloudservicePage : Cloud Service Providers in UAE | Cloud Computing Service In Dubai
2022-11-29 14:45:37,364 : INFO : test_viewopeningsPage : Careers - techcarrot
2022-11-29 14:50:49,112 : INFO : test_title : techcarrot - Digital, Information Technology, Business Solutions
2022-11-29 14:51:13,898 : INFO : test_cloudservicePage : Cloud Service Providers in UAE | Cloud Computing Service In Dubai
2022-11-29 14:51:24,814 : INFO : test_viewopeningsPage : Careers - techcarrot
2022-11-29 14:53:02,866 : INFO : test_title : techcarrot - Digital, Information Technology, Business Solutions
2022-11-29 14:53:28,713 : INFO : test_cloudservicePage : Cloud Service Providers in UAE | Cloud Computing Service In Dubai
2022-11-29 14:53:38,929 : INFO : test_viewopeningsPage : Careers - techcarrot
2022-11-29 14:55:31,967 : INFO : test_title : techcarrot - Digital, Information Technology, Business Solutions
2022-11-29 14:55:56,666 : INFO : test_cloudservicePage : Cloud Service Providers in UAE | Cloud Computing Service In Dubai
2022-11-29 14:56:06,602 : INFO : test_viewopeningsPage : Careers - techcarrot
2022-11-29 14:58:19,686 : INFO : test_title : techcarrot - Digital, Information Technology, Business Solutions
2022-11-29 14:58:44,915 : INFO : test_cloudservicePage : Cloud Service Providers in UAE | Cloud Computing Service In Dubai
2022-11-29 14:58:56,602 : INFO : test_viewopeningsPage : Careers - techcarrot
2022-11-29 15:04:29,889 : INFO : test_title : techcarrot - Digital, Information Technology, Business Solutions
2022-11-29 15:04:54,808 : INFO : test_cloudservicePage : Cloud Service Providers in UAE | Cloud Computing Service In Dubai
2022-11-29 15:05:04,961 : INFO : test_viewopeningsPage : Careers - techcarrot
2022-11-29 15:10:09,195 : INFO : test_title : techcarrot - Digital, Information Technology, Business Solutions
2022-11-29 15:10:34,155 : INFO : test_cloudservicePage : Cloud Service Providers in UAE | Cloud Computing Service In Dubai
2022-11-29 15:10:44,033 : INFO : test_viewopeningsPage : Careers - techcarrot
2022-11-29 15:21:41,646 : INFO : test_title : techcarrot - Digital, Information Technology, Business Solutions
2022-11-29 15:22:07,327 : INFO : test_cloudservicePage : Cloud Service Providers in UAE | Cloud Computing Service In Dubai
2022-11-29 15:22:18,232 : INFO : test_viewopeningsPage : Careers - techcarrot
2022-11-29 15:24:07,164 : INFO : test_title : techcarrot - Digital, Information Technology, Business Solutions
2022-11-29 15:24:32,423 : INFO : test_cloudservicePage : Cloud Service Providers in UAE | Cloud Computing Service In Dubai
2022-11-29 15:24:42,362 : INFO : test_viewopeningsPage : Careers - techcarrot
2022-11-29 15:35:36,754 : INFO : test_title : techcarrot - Digital, Information Technology, Business Solutions
2022-11-29 15:36:01,512 : INFO : test_cloudservicePage : Cloud Service Providers in UAE | Cloud Computing Service In Dubai
2022-11-29 15:36:11,507 : INFO : test_viewopeningsPage : Careers - techcarrot
2022-11-30 10:52:53,380 : INFO : test_title : techcarrot - Digital, Information Technology, Business Solutions
2022-11-30 10:53:20,184 : INFO : test_cloudservicePage : Cloud Service Providers in UAE | Cloud Computing Service In Dubai
2022-11-30 10:53:30,169 : INFO : test_viewopeningsPage : Careers - techcarrot
2022-11-30 11:08:53,630 : INFO : test_title : techcarrot - Digital, Information Technology, Business Solutions
2022-11-30 11:09:18,405 : INFO : test_cloudservicePage : Cloud Service Providers in UAE | Cloud Computing Service In Dubai
2022-11-30 11:09:28,560 : INFO : test_viewopeningsPage : Careers - techcarrot
2022-11-30 12:43:38,077 : INFO : test_title : techcarrot - Digital, Information Technology, Business Solutions
2022-11-30 12:44:07,830 : INFO : test_cloudservicePage : Cloud Service Providers in UAE | Cloud Computing Service In Dubai
2022-11-30 12:44:22,703 : INFO : test_viewopeningsPage : Careers - techcarrot
2022-11-30 12:53:51,244 : INFO : test_title : techcarrot - Digital, Information Technology, Business Solutions
2022-11-30 12:54:15,987 : INFO : test_cloudservicePage : Cloud Service Providers in UAE | Cloud Computing Service In Dubai
2022-11-30 12:54:25,969 : INFO : test_viewopeningsPage : Careers - techcarrot
2022-11-30 12:56:29,082 : INFO : test_title : techcarrot - Digital, Information Technology, Business Solutions
2022-11-30 12:57:00,958 : INFO : test_viewopeningsPage : Careers - techcarrot
2022-11-30 14:25:53,567 : INFO : test_title : techcarrot - Digital, Information Technology, Business Solutions
2022-11-30 14:26:18,503 : INFO : test_cloudservicePage : Cloud Service Providers in UAE | Cloud Computing Service In Dubai
2022-11-30 14:26:28,584 : INFO : test_viewopeningsPage : Careers - techcarrot
2022-11-30 14:27:52,919 : INFO : test_title : techcarrot - Digital, Information Technology, Business Solutions
2022-11-30 14:28:17,763 : INFO : test_cloudservicePage : Cloud Service Providers in UAE | Cloud Computing Service In Dubai
2022-11-30 14:28:27,880 : INFO : test_viewopeningsPage : Careers - techcarrot
2022-11-30 14:30:51,449 : INFO : test_title : techcarrot - Digital, Information Technology, Business Solutions
2022-11-30 14:31:16,449 : INFO : test_cloudservicePage : Cloud Service Providers in UAE | Cloud Computing Service In Dubai
2022-11-30 14:31:26,741 : INFO : test_viewopeningsPage : Careers - techcarrot
2022-11-30 14:34:47,511 : INFO : test_title : techcarrot - Digital, Information Technology, Business Solutions
2022-11-30 14:35:13,577 : INFO : test_cloudservicePage : Cloud Service Providers in UAE | Cloud Computing Service In Dubai
2022-11-30 14:35:24,082 : INFO : test_viewopeningsPage : Careers - techcarrot
2022-11-30 14:40:04,594 : INFO : test_title : techcarrot - Digital, Information Technology, Business Solutions
2022-11-30 14:40:30,230 : INFO : test_cloudservicePage : Cloud Service Providers in UAE | Cloud Computing Service In Dubai
2022-11-30 14:40:40,386 : INFO : test_viewopeningsPage : Careers - techcarrot
2022-11-30 14:43:47,414 : INFO : test_title : techcarrot - Digital, Information Technology, Business Solutions
2022-11-30 14:44:13,109 : INFO : test_cloudservicePage : Cloud Service Providers in UAE | Cloud Computing Service In Dubai
2022-11-30 14:44:24,004 : INFO : test_viewopeningsPage : Careers - techcarrot
2022-11-30 14:46:34,038 : INFO : test_title : techcarrot - Digital, Information Technology, Business Solutions
2022-11-30 14:46:59,610 : INFO : test_cloudservicePage : Cloud Service Providers in UAE | Cloud Computing Service In Dubai
2022-11-30 14:47:09,716 : INFO : test_viewopeningsPage : Careers - techcarrot
2022-11-30 14:49:48,849 : INFO : test_title : techcarrot - Digital, Information Technology, Business Solutions
2022-11-30 14:50:13,942 : INFO : test_cloudservicePage : Cloud Service Providers in UAE | Cloud Computing Service In Dubai
2022-11-30 14:50:24,049 : INFO : test_viewopeningsPage : Careers - techcarrot
2022-12-05 15:33:19,531 : INFO : test_title : techcarrot - Digital, Information Technology, Business Solutions
2022-12-05 15:33:44,314 : INFO : test_cloudservicePage : Cloud Service Providers in UAE | Cloud Computing Service In Dubai
2022-12-05 15:33:54,394 : INFO : test_viewopeningsPage : Careers - techcarrot
2022-12-05 15:47:17,134 : INFO : test_title : techcarrot - Digital, Information Technology, Business Solutions
2022-12-05 15:47:42,016 : INFO : test_cloudservicePage : Cloud Service Providers in UAE | Cloud Computing Service In Dubai
2022-12-05 15:47:52,061 : INFO : test_viewopeningsPage : Careers - techcarrot
2022-12-05 15:51:13,071 : INFO : test_title : techcarrot - Digital, Information Technology, Business Solutions
2022-12-05 15:51:37,795 : INFO : test_cloudservicePage : Cloud Service Providers in UAE | Cloud Computing Service In Dubai
2022-12-05 15:51:47,791 : INFO : test_viewopeningsPage : Careers - techcarrot
2022-12-05 16:03:29,191 : INFO : test_title : techcarrot - Digital, Information Technology, Business Solutions
2022-12-05 16:03:53,947 : INFO : test_cloudservicePage : Cloud Service Providers in UAE | Cloud Computing Service In Dubai
2022-12-05 16:04:04,018 : INFO : test_viewopeningsPage : Careers - techcarrot
2022-12-05 16:07:29,760 : INFO : test_title : techcarrot - Digital, Information Technology, Business Solutions
2022-12-05 16:07:54,473 : INFO : test_cloudservicePage : Cloud Service Providers in UAE | Cloud Computing Service In Dubai
2022-12-05 16:08:04,653 : INFO : test_viewopeningsPage : Careers - techcarrot
2022-12-05 16:25:22,670 : INFO : test_title : techcarrot - Digital, Information Technology, Business Solutions
2022-12-05 16:25:47,672 : INFO : test_cloudservicePage : Cloud Service Providers in UAE | Cloud Computing Service In Dubai
2022-12-05 16:25:57,873 : INFO : test_viewopeningsPage : Careers - techcarrot
2022-12-05 16:28:58,818 : INFO : test_title : techcarrot - Digital, Information Technology, Business Solutions
2022-12-05 16:29:23,761 : INFO : test_cloudservicePage : Cloud Service Providers in UAE | Cloud Computing Service In Dubai
2022-12-05 16:29:33,751 : INFO : test_viewopeningsPage : Careers - techcarrot
2022-12-05 16:45:20,452 : INFO : test_title : techcarrot - Digital, Information Technology, Business Solutions
2022-12-05 16:45:45,638 : INFO : test_cloudservicePage : Cloud Service Providers in UAE | Cloud Computing Service In Dubai
2022-12-05 16:45:57,522 : INFO : test_viewopeningsPage : Careers - techcarrot
2022-12-05 16:51:29,496 : INFO : test_title : techcarrot - Digital, Information Technology, Business Solutions
2022-12-05 16:51:54,498 : INFO : test_cloudservicePage : Cloud Service Providers in UAE | Cloud Computing Service In Dubai
2022-12-05 16:52:04,542 : INFO : test_viewopeningsPage : Careers - techcarrot
2022-12-06 08:19:04,505 : INFO : test_title : techcarrot - Digital, Information Technology, Business Solutions
2022-12-06 08:19:30,459 : INFO : test_cloudservicePage : Cloud Service Providers in UAE | Cloud Computing Service In Dubai
2022-12-06 08:19:41,585 : INFO : test_viewopeningsPage : Careers - techcarrot
2022-12-06 08:25:14,382 : INFO : test_title : techcarrot - Digital, Information Technology, Business Solutions
2022-12-06 08:25:39,432 : INFO : test_cloudservicePage : Cloud Service Providers in UAE | Cloud Computing Service In Dubai
2022-12-06 08:25:49,511 : INFO : test_viewopeningsPage : Careers - techcarrot
2022-12-06 09:08:26,837 : INFO : test_title : techcarrot - Digital, Information Technology, Business Solutions
2022-12-06 09:08:52,006 : INFO : test_cloudservicePage : Cloud Service Providers in UAE | Cloud Computing Service In Dubai
2022-12-06 09:09:02,461 : INFO : test_viewopeningsPage : Careers - techcarrot
2022-12-06 09:12:41,515 : INFO : test_title : techcarrot - Digital, Information Technology, Business Solutions
2022-12-06 09:13:06,302 : INFO : test_cloudservicePage : Cloud Service Providers in UAE | Cloud Computing Service In Dubai
2022-12-06 09:13:16,581 : INFO : test_viewopeningsPage : Careers - techcarrot
2022-12-06 09:22:23,030 : INFO : test_title : techcarrot - Digital, Information Technology, Business Solutions
2022-12-06 09:22:48,193 : INFO : test_cloudservicePage : Cloud Service Providers in UAE | Cloud Computing Service In Dubai
2022-12-06 09:22:58,797 : INFO : test_viewopeningsPage : Careers - techcarrot
2022-12-06 09:27:54,854 : INFO : test_title : techcarrot - Digital, Information Technology, Business Solutions
2022-12-06 09:28:19,654 : INFO : test_cloudservicePage : Cloud Service Providers in UAE | Cloud Computing Service In Dubai
2022-12-06 09:28:29,692 : INFO : test_viewopeningsPage : Careers - techcarrot
2022-12-06 09:32:36,099 : INFO : test_title : techcarrot - Digital, Information Technology, Business Solutions
2022-12-06 09:33:00,894 : INFO : test_cloudservicePage : Cloud Service Providers in UAE | Cloud Computing Service In Dubai
2022-12-06 09:33:10,922 : INFO : test_viewopeningsPage : Careers - techcarrot
2022-12-06 09:57:01,450 : INFO : test_title : techcarrot - Digital, Information Technology, Business Solutions
2022-12-06 09:57:26,268 : INFO : test_cloudservicePage : Cloud Service Providers in UAE | Cloud Computing Service In Dubai
2022-12-06 09:57:36,372 : INFO : test_viewopeningsPage : Careers - techcarrot
2022-12-06 09:59:13,101 : INFO : test_title : techcarrot - Digital, Information Technology, Business Solutions
2022-12-06 09:59:37,830 : INFO : test_cloudservicePage : Cloud Service Providers in UAE | Cloud Computing Service In Dubai
2022-12-06 09:59:47,807 : INFO : test_viewopeningsPage : Careers - techcarrot
2022-12-06 10:04:47,730 : INFO : test_title : techcarrot - Digital, Information Technology, Business Solutions
2022-12-06 10:05:13,400 : INFO : test_cloudservicePage : Cloud Service Providers in UAE | Cloud Computing Service In Dubai
2022-12-06 10:05:23,399 : INFO : test_viewopeningsPage : Careers - techcarrot
2022-12-06 10:11:56,195 : INFO : test_title : techcarrot - Digital, Information Technology, Business Solutions
2022-12-06 10:12:20,793 : INFO : test_cloudservicePage : Cloud Service Providers in UAE | Cloud Computing Service In Dubai
2022-12-06 10:12:30,703 : INFO : test_viewopeningsPage : Careers - techcarrot
2022-12-06 10:15:49,213 : INFO : test_title : techcarrot - Digital, Information Technology, Business Solutions
2022-12-06 10:16:14,000 : INFO : test_cloudservicePage : Cloud Service Providers in UAE | Cloud Computing Service In Dubai
2022-12-06 10:16:23,980 : INFO : test_viewopeningsPage : Careers - techcarrot
2022-12-06 10:21:25,775 : INFO : test_title : techcarrot - Digital, Information Technology, Business Solutions
2022-12-06 10:21:50,655 : INFO : test_cloudservicePage : Cloud Service Providers in UAE | Cloud Computing Service In Dubai
2022-12-06 10:22:00,283 : INFO : test_viewopeningsPage : Careers - techcarrot
2022-12-06 10:24:34,402 : INFO : test_title : techcarrot - Digital, Information Technology, Business Solutions
2022-12-06 10:25:00,332 : INFO : test_cloudservicePage : Cloud Service Providers in UAE | Cloud Computing Service In Dubai
2022-12-06 10:25:10,404 : INFO : test_viewopeningsPage : Careers - techcarrot
2022-12-06 10:49:35,395 : INFO : test_title : techcarrot - Digital, Information Technology, Business Solutions
2022-12-06 10:50:00,572 : INFO : test_cloudservicePage : Cloud Service Providers in UAE | Cloud Computing Service In Dubai
2022-12-06 10:50:10,967 : INFO : test_viewopeningsPage : Careers - techcarrot
2022-12-06 10:52:58,195 : INFO : test_title : techcarrot - Digital, Information Technology, Business Solutions
2022-12-06 10:53:23,754 : INFO : test_cloudservicePage : Cloud Service Providers in UAE | Cloud Computing Service In Dubai
2022-12-06 10:53:34,071 : INFO : test_viewopeningsPage : Careers - techcarrot
2022-12-06 10:55:26,236 : INFO : test_title : techcarrot - Digital, Information Technology, Business Solutions
2022-12-06 10:55:50,664 : INFO : test_cloudservicePage : Cloud Service Providers in UAE | Cloud Computing Service In Dubai
2022-12-06 10:56:00,683 : INFO : test_viewopeningsPage : Careers - techcarrot
2022-12-06 10:59:48,133 : INFO : test_title : techcarrot - Digital, Information Technology, Business Solutions
2022-12-06 11:00:13,434 : INFO : test_cloudservicePage : Cloud Service Providers in UAE | Cloud Computing Service In Dubai
2022-12-06 11:00:24,172 : INFO : test_viewopeningsPage : Careers - techcarrot
2022-12-06 11:13:34,392 : INFO : test_title : techcarrot - Digital, Information Technology, Business Solutions
2022-12-06 11:13:59,140 : INFO : test_cloudservicePage : Cloud Service Providers in UAE | Cloud Computing Service In Dubai
2022-12-06 11:14:09,232 : INFO : test_viewopeningsPage : Careers - techcarrot
2022-12-06 11:18:19,948 : INFO : test_title : techcarrot - Digital, Information Technology, Business Solutions
2022-12-06 11:18:45,527 : INFO : test_cloudservicePage : Cloud Service Providers in UAE | Cloud Computing Service In Dubai
2022-12-06 11:18:55,504 : INFO : test_viewopeningsPage : Careers - techcarrot
2022-12-06 11:21:43,838 : INFO : test_title : techcarrot - Digital, Information Technology, Business Solutions
2022-12-06 11:22:08,621 : INFO : test_cloudservicePage : Cloud Service Providers in UAE | Cloud Computing Service In Dubai
2022-12-06 11:22:18,611 : INFO : test_viewopeningsPage : Careers - techcarrot
2022-12-06 11:29:31,484 : INFO : test_title : techcarrot - Digital, Information Technology, Business Solutions
2022-12-06 11:29:56,125 : INFO : test_cloudservicePage : Cloud Service Providers in UAE | Cloud Computing Service In Dubai
2022-12-06 11:30:06,019 : INFO : test_viewopeningsPage : Careers - techcarrot
2022-12-06 14:28:42,384 : INFO : test_title : techcarrot - Digital, Information Technology, Business Solutions
2022-12-06 14:29:14,597 : INFO : test_viewopeningsPage : Careers - techcarrot
2022-12-06 14:31:40,519 : INFO : test_title : techcarrot - Digital, Information Technology, Business Solutions
2022-12-06 14:32:07,894 : INFO : test_cloudservicePage : Cloud Service Providers in UAE | Cloud Computing Service In Dubai
2022-12-06 14:32:17,990 : INFO : test_viewopeningsPage : Careers - techcarrot
2022-12-06 14:36:48,337 : INFO : test_title : techcarrot - Digital, Information Technology, Business Solutions
2022-12-06 14:37:19,038 : INFO : test_viewopeningsPage : Careers - techcarrot
2022-12-06 14:39:33,930 : INFO : test_title : techcarrot - Digital, Information Technology, Business Solutions
2022-12-06 14:39:58,729 : INFO : test_cloudservicePage : Cloud Service Providers in UAE | Cloud Computing Service In Dubai
2022-12-06 14:40:09,500 : INFO : test_viewopeningsPage : Careers - techcarrot
2022-12-06 15:00:15,873 : INFO : test_title : techcarrot - Digital, Information Technology, Business Solutions
2022-12-06 15:00:40,584 : INFO : test_cloudservicePage : Cloud Service Providers in UAE | Cloud Computing Service In Dubai
2022-12-06 15:00:50,814 : INFO : test_viewopeningsPage : Careers - techcarrot
2022-12-06 15:04:19,790 : INFO : test_title : techcarrot - Digital, Information Technology, Business Solutions
2022-12-06 15:04:45,407 : INFO : test_cloudservicePage : Cloud Service Providers in UAE | Cloud Computing Service In Dubai
2022-12-06 15:04:55,386 : INFO : test_viewopeningsPage : Careers - techcarrot
2022-12-06 15:07:05,560 : INFO : test_title : techcarrot - Digital, Information Technology, Business Solutions
2022-12-06 15:07:30,240 : INFO : test_cloudservicePage : Cloud Service Providers in UAE | Cloud Computing Service In Dubai
2022-12-06 15:07:40,280 : INFO : test_viewopeningsPage : Careers - techcarrot
2022-12-06 15:11:06,635 : INFO : test_title : techcarrot - Digital, Information Technology, Business Solutions
2022-12-06 15:11:31,738 : INFO : test_cloudservicePage : Cloud Service Providers in UAE | Cloud Computing Service In Dubai
2022-12-06 15:11:43,281 : INFO : test_viewopeningsPage : Careers - techcarrot
2022-12-06 15:33:21,081 : INFO : test_title : techcarrot - Digital, Information Technology, Business Solutions
2022-12-06 15:33:45,966 : INFO : test_cloudservicePage : Cloud Service Providers in UAE | Cloud Computing Service In Dubai
2022-12-06 15:33:55,504 : INFO : test_viewopeningsPage : Careers - techcarrot
2022-12-06 16:17:14,127 : INFO : test_title : techcarrot - Digital, Information Technology, Business Solutions
2022-12-06 16:17:39,385 : INFO : test_cloudservicePage : Cloud Service Providers in UAE | Cloud Computing Service In Dubai
2022-12-06 16:17:49,703 : INFO : test_viewopeningsPage : Careers - techcarrot
2022-12-06 16:21:05,264 : INFO : test_title : techcarrot - Digital, Information Technology, Business Solutions
2022-12-06 16:21:29,979 : INFO : test_cloudservicePage : Cloud Service Providers in UAE | Cloud Computing Service In Dubai
2022-12-06 16:21:39,963 : INFO : test_viewopeningsPage : Careers - techcarrot
2022-12-06 16:24:10,528 : INFO : test_title : techcarrot - Digital, Information Technology, Business Solutions
2022-12-06 16:24:35,482 : INFO : test_cloudservicePage : Cloud Service Providers in UAE | Cloud Computing Service In Dubai
2022-12-06 16:24:45,903 : INFO : test_viewopeningsPage : Careers - techcarrot
2022-12-06 16:29:16,794 : INFO : test_title : techcarrot - Digital, Information Technology, Business Solutions
2022-12-06 16:29:42,268 : INFO : test_cloudservicePage : Cloud Service Providers in UAE | Cloud Computing Service In Dubai
2022-12-06 16:29:52,297 : INFO : test_viewopeningsPage : Careers - techcarrot
2022-12-06 16:36:28,734 : INFO : test_title : techcarrot - Digital, Information Technology, Business Solutions
2022-12-06 16:36:53,584 : INFO : test_cloudservicePage : Cloud Service Providers in UAE | Cloud Computing Service In Dubai
2022-12-06 16:37:03,653 : INFO : test_viewopeningsPage : Careers - techcarrot
2022-12-06 16:51:04,685 : INFO : test_title : techcarrot - Digital, Information Technology, Business Solutions
2022-12-06 16:51:29,991 : INFO : test_cloudservicePage : Cloud Service Providers in UAE | Cloud Computing Service In Dubai
2022-12-06 16:51:42,100 : INFO : test_viewopeningsPage : Careers - techcarrot
2022-12-07 09:18:09,975 : INFO : test_title : techcarrot - Digital, Information Technology, Business Solutions
2022-12-07 09:18:38,438 : INFO : test_cloudservicePage : Cloud Service Providers in UAE | Cloud Computing Service In Dubai
2022-12-07 09:18:48,746 : INFO : test_viewopeningsPage : Careers - techcarrot
2022-12-07 09:26:38,996 : INFO : test_title : techcarrot - Digital, Information Technology, Business Solutions
2022-12-07 09:27:04,227 : INFO : test_cloudservicePage : Cloud Service Providers in UAE | Cloud Computing Service In Dubai
2022-12-07 09:27:14,913 : INFO : test_viewopeningsPage : Careers - techcarrot
2022-12-07 09:31:15,403 : INFO : test_title : techcarrot - Digital, Information Technology, Business Solutions
2022-12-07 09:31:40,252 : INFO : test_cloudservicePage : Cloud Service Providers in UAE | Cloud Computing Service In Dubai
2022-12-07 09:31:49,741 : INFO : test_viewopeningsPage : Careers - techcarrot
2022-12-07 09:35:41,024 : INFO : test_title : techcarrot - Digital, Information Technology, Business Solutions
2022-12-07 09:36:06,046 : INFO : test_cloudservicePage : Cloud Service Providers in UAE | Cloud Computing Service In Dubai
2022-12-07 09:36:19,232 : INFO : test_viewopeningsPage : Careers - techcarrot
2022-12-07 09:47:45,602 : INFO : test_title : techcarrot - Digital, Information Technology, Business Solutions
2022-12-07 09:48:12,894 : INFO : test_cloudservicePage : Cloud Service Providers in UAE | Cloud Computing Service In Dubai
2022-12-07 09:48:22,942 : INFO : test_viewopeningsPage : Careers - techcarrot
2022-12-07 09:52:20,651 : INFO : test_title : techcarrot - Digital, Information Technology, Business Solutions
2022-12-07 09:52:45,480 : INFO : test_cloudservicePage : Cloud Service Providers in UAE | Cloud Computing Service In Dubai
2022-12-07 09:52:55,214 : INFO : test_viewopeningsPage : Careers - techcarrot
2022-12-07 09:56:53,944 : INFO : test_title : techcarrot - Digital, Information Technology, Business Solutions
2022-12-07 09:57:18,930 : INFO : test_cloudservicePage : Cloud Service Providers in UAE | Cloud Computing Service In Dubai
2022-12-07 09:57:28,995 : INFO : test_viewopeningsPage : Careers - techcarrot
2022-12-07 10:00:52,586 : INFO : test_title : techcarrot - Digital, Information Technology, Business Solutions
2022-12-07 10:01:19,026 : INFO : test_cloudservicePage : Cloud Service Providers in UAE | Cloud Computing Service In Dubai
2022-12-07 10:01:30,232 : INFO : test_viewopeningsPage : Careers - techcarrot
2022-12-07 10:04:16,159 : INFO : test_title : techcarrot - Digital, Information Technology, Business Solutions
2022-12-07 10:04:41,351 : INFO : test_cloudservicePage : Cloud Service Providers in UAE | Cloud Computing Service In Dubai
2022-12-07 10:04:51,077 : INFO : test_viewopeningsPage : Careers - techcarrot
2022-12-07 10:08:25,035 : INFO : test_title : techcarrot - Digital, Information Technology, Business Solutions
2022-12-07 10:08:52,317 : INFO : test_cloudservicePage : Cloud Service Providers in UAE | Cloud Computing Service In Dubai
2022-12-07 10:09:02,738 : INFO : test_viewopeningsPage : Careers - techcarrot
2022-12-07 10:14:49,612 : INFO : test_title : techcarrot - Digital, Information Technology, Business Solutions
2022-12-07 10:15:16,700 : INFO : test_cloudservicePage : Cloud Service Providers in UAE | Cloud Computing Service In Dubai
2022-12-07 10:15:26,806 : INFO : test_viewopeningsPage : Careers - techcarrot
2022-12-07 10:18:39,933 : INFO : test_title : techcarrot - Digital, Information Technology, Business Solutions
2022-12-07 10:19:04,887 : INFO : test_cloudservicePage : Cloud Service Providers in UAE | Cloud Computing Service In Dubai
2022-12-07 10:19:15,817 : INFO : test_viewopeningsPage : Careers - techcarrot
2022-12-07 10:21:48,445 : INFO : test_title : techcarrot - Digital, Information Technology, Business Solutions
2022-12-07 10:22:13,487 : INFO : test_cloudservicePage : Cloud Service Providers in UAE | Cloud Computing Service In Dubai
2022-12-07 10:22:23,656 : INFO : test_viewopeningsPage : Careers - techcarrot
2022-12-07 12:01:33,293 : INFO : test_title : techcarrot - Digital, Information Technology, Business Solutions
2022-12-07 12:01:58,353 : INFO : test_cloudservicePage : Cloud Service Providers in UAE | Cloud Computing Service In Dubai
2022-12-07 12:02:08,581 : INFO : test_viewopeningsPage : Careers - techcarrot
2022-12-07 15:02:57,821 : INFO : test_title : techcarrot - Digital, Information Technology, Business Solutions
2022-12-07 15:03:22,776 : INFO : test_cloudservicePage : Cloud Service Providers in UAE | Cloud Computing Service In Dubai
2022-12-07 15:03:33,058 : INFO : test_viewopeningsPage : Careers - techcarrot
2022-12-07 15:11:32,869 : INFO : test_title : techcarrot - Digital, Information Technology, Business Solutions
2022-12-07 15:11:57,597 : INFO : test_cloudservicePage : Cloud Service Providers in UAE | Cloud Computing Service In Dubai
2022-12-07 15:12:07,685 : INFO : test_viewopeningsPage : Careers - techcarrot
2022-12-07 15:41:58,346 : INFO : test_title : techcarrot - Digital, Information Technology, Business Solutions
2022-12-07 15:42:28,806 : INFO : test_cloudservicePage : Cloud Service Providers in UAE | Cloud Computing Service In Dubai
2022-12-07 15:42:38,961 : INFO : test_viewopeningsPage : Careers - techcarrot
2022-12-07 15:59:08,716 : INFO : test_title : techcarrot - Digital, Information Technology, Business Solutions
2022-12-07 15:59:34,678 : INFO : test_cloudservicePage : Cloud Service Providers in UAE | Cloud Computing Service In Dubai
2022-12-07 15:59:44,871 : INFO : test_viewopeningsPage : Careers - techcarrot
2022-12-07 16:02:36,874 : INFO : test_title : techcarrot - Digital, Information Technology, Business Solutions
2022-12-07 16:03:01,833 : INFO : test_cloudservicePage : Cloud Service Providers in UAE | Cloud Computing Service In Dubai
2022-12-07 16:03:11,864 : INFO : test_viewopeningsPage : Careers - techcarrot
2022-12-07 16:05:19,829 : INFO : test_title : techcarrot - Digital, Information Technology, Business Solutions
2022-12-07 16:05:49,463 : INFO : test_cloudservicePage : Cloud Service Providers in UAE | Cloud Computing Service In Dubai
2022-12-07 16:06:02,463 : INFO : test_viewopeningsPage : Careers - techcarrot
2022-12-07 16:08:38,392 : INFO : test_title : techcarrot - Digital, Information Technology, Business Solutions
2022-12-07 16:09:03,333 : INFO : test_cloudservicePage : Cloud Service Providers in UAE | Cloud Computing Service In Dubai
2022-12-07 16:09:13,678 : INFO : test_viewopeningsPage : Careers - techcarrot
2022-12-07 16:11:14,978 : INFO : test_title : techcarrot - Digital, Information Technology, Business Solutions
2022-12-07 16:11:40,094 : INFO : test_cloudservicePage : Cloud Service Providers in UAE | Cloud Computing Service In Dubai
2022-12-07 16:11:50,295 : INFO : test_viewopeningsPage : Careers - techcarrot
2022-12-08 09:50:37,308 : INFO : test_title : techcarrot - Digital, Information Technology, Business Solutions
2022-12-08 09:51:02,488 : INFO : test_cloudservicePage : Cloud Service Providers in UAE | Cloud Computing Service In Dubai
2022-12-08 09:51:12,721 : INFO : test_viewopeningsPage : Careers - techcarrot
2022-12-08 09:54:50,864 : INFO : test_title : techcarrot - Digital, Information Technology, Business Solutions
2022-12-08 09:55:16,642 : INFO : test_cloudservicePage : Cloud Service Providers in UAE | Cloud Computing Service In Dubai
2022-12-08 09:55:27,526 : INFO : test_viewopeningsPage : Careers - techcarrot
2022-12-08 09:57:50,394 : INFO : test_title : techcarrot - Digital, Information Technology, Business Solutions
2022-12-08 09:58:15,371 : INFO : test_cloudservicePage : Cloud Service Providers in UAE | Cloud Computing Service In Dubai
2022-12-08 09:58:25,493 : INFO : test_viewopeningsPage : Careers - techcarrot
2022-12-08 10:01:23,714 : INFO : test_title : techcarrot - Digital, Information Technology, Business Solutions
2022-12-08 10:01:49,829 : INFO : test_cloudservicePage : Cloud Service Providers in UAE | Cloud Computing Service In Dubai
2022-12-08 10:02:00,434 : INFO : test_viewopeningsPage : Careers - techcarrot
2022-12-08 10:52:57,589 : INFO : test_title : techcarrot - Digital, Information Technology, Business Solutions
2022-12-08 10:53:24,609 : INFO : test_cloudservicePage : Cloud Service Providers in UAE | Cloud Computing Service In Dubai
2022-12-08 10:53:34,880 : INFO : test_viewopeningsPage : Careers - techcarrot
2022-12-08 10:57:56,517 : INFO : test_title : techcarrot - Digital, Information Technology, Business Solutions
2022-12-08 10:58:21,361 : INFO : test_cloudservicePage : Cloud Service Providers in UAE | Cloud Computing Service In Dubai
2022-12-08 10:58:31,401 : INFO : test_viewopeningsPage : Careers - techcarrot
2022-12-08 11:02:56,636 : INFO : test_title : techcarrot - Digital, Information Technology, Business Solutions
2022-12-08 11:03:21,015 : INFO : test_cloudservicePage : Cloud Service Providers in UAE | Cloud Computing Service In Dubai
2022-12-08 11:03:31,129 : INFO : test_viewopeningsPage : Careers - techcarrot
